<?xml version="1.0" encoding="UTF-8"?>
<!-- Generated by org.testng.reporters.JUnitXMLReporter -->
<testsuite hostname="DESKTOP-ASB5QBL" ignored="4" name="Test" tests="2" failures="0" timestamp="23 Aug 2021 02:29:15 GMT" time="35.496" errors="0">
  <testcase name="orgEmpReg" time="8.409" classname="testNG.EmpRegTC_TestNG"/>
  <testcase name="orguserReg" time="16.869" classname="testNG.UserReg_TestNG"/>
  <testcase name="@BeforeSuite orgLaunch" time="0.0" classname="testNG.TestNGSuite">
    <ignored/>
  </testcase> <!-- @BeforeSuite orgLaunch -->
  <testcase name="@BeforeTest orgLogin" time="0.0" classname="testNG.TestNGSuite">
    <ignored/>
  </testcase> <!-- @BeforeTest orgLogin -->
  <testcase name="@AfterSuite orgClose" time="0.0" classname="testNG.TestNGSuite">
    <ignored/>
  </testcase> <!-- @AfterSuite orgClose -->
  <testcase name="@AfterTest orgLogout" time="0.0" classname="testNG.TestNGSuite">
    <ignored/>
  </testcase> <!-- @AfterTest orgLogout -->
</testsuite> <!-- Test -->
